0 info it worked if it ends with ok
1 verbose cli [ '/usr/local/Cellar/node/4.1.1/bin/node',
1 verbose cli   '/usr/local/bin/npm',
1 verbose cli   'start' ]
2 info using npm@3.3.5
3 info using node@v4.1.1
4 verbose run-script [ 'prestart', 'start', 'poststart' ]
5 info lifecycle ajax_test@1.0.0~prestart: ajax_test@1.0.0
6 silly lifecycle ajax_test@1.0.0~prestart: no script for prestart, continuing
7 info lifecycle ajax_test@1.0.0~start: ajax_test@1.0.0
8 verbose lifecycle ajax_test@1.0.0~start: unsafe-perm in lifecycle true
9 verbose lifecycle ajax_test@1.0.0~start: PATH: /usr/local/lib/node_modules/npm/bin/node-gyp-bin:/Users/twhitney/Workspace/javascript/grade-book/node_modules/.bin:/usr/local/bin:/Users/twhitney/.rbenv/shims:/Users/twhitney/.rbenv/bin:/Users/twhitney/.cask/bin:/Users/twhitney/Workspace/go/bin:/usr/bin:/bin:/usr/sbin:/sbin:/usr/local/bin:/opt/X11/bin:/usr/local/Cellar/go/1.3.1/libexec/bin
10 verbose lifecycle ajax_test@1.0.0~start: CWD: /Users/twhitney/Workspace/javascript/grade-book
11 silly lifecycle ajax_test@1.0.0~start: Args: [ '-c', 'gulp serve' ]
12 silly lifecycle ajax_test@1.0.0~start: Returned: code: 1  signal: null
13 info lifecycle ajax_test@1.0.0~start: Failed to exec start script
14 verbose stack Error: ajax_test@1.0.0 start: `gulp serve`
14 verbose stack Exit status 1
14 verbose stack     at EventEmitter.<anonymous> (/usr/local/lib/node_modules/npm/lib/utils/lifecycle.js:233:16)
14 verbose stack     at emitTwo (events.js:87:13)
14 verbose stack     at EventEmitter.emit (events.js:172:7)
14 verbose stack     at ChildProcess.<anonymous> (/usr/local/lib/node_modules/npm/lib/utils/spawn.js:24:14)
14 verbose stack     at emitTwo (events.js:87:13)
14 verbose stack     at ChildProcess.emit (events.js:172:7)
14 verbose stack     at maybeClose (internal/child_process.js:817:16)
14 verbose stack     at Process.ChildProcess._handle.onexit (internal/child_process.js:211:5)
15 verbose pkgid ajax_test@1.0.0
16 verbose cwd /Users/twhitney/Workspace/javascript/grade-book
17 error Darwin 13.4.0
18 error argv "/usr/local/Cellar/node/4.1.1/bin/node" "/usr/local/bin/npm" "start"
19 error node v4.1.1
20 error npm  v3.3.5
21 error code ELIFECYCLE
22 error ajax_test@1.0.0 start: `gulp serve`
22 error Exit status 1
23 error Failed at the ajax_test@1.0.0 start script 'gulp serve'.
23 error This is most likely a problem with the ajax_test package,
23 error not with npm itself.
23 error Tell the author that this fails on your system:
23 error     gulp serve
23 error You can get their info via:
23 error     npm owner ls ajax_test
23 error There is likely additional logging output above.
24 verbose exit [ 1, true ]
